<?xml version="1.0" encoding="UTF-8"?>
<!-- Generated by org.testng.reporters.JUnitXMLReporter -->
<testsuite hostname="DESKTOP-MJ4DCPE" name="CRM APP Test" tests="3" failures="0" timestamp="1 Jun 2019 15:45:46 GMT" time="45.758" errors="0">
  <testcase name="ValidateTitle" time="0.229" classname="com.crm.testcases.LoginTest"/>
  <testcase name="validatelogin" time="7.211" classname="com.crm.testcases.LoginTest"/>
  <testcase name="ValidateCRMHomepage" time="1.475" classname="com.crm.testcases.HomePageTest"/>
</testsuite> <!-- CRM APP Test -->
