<?xml version="1.0" encoding="UTF-8"?>
<!-- Generated by org.testng.reporters.JUnitXMLReporter -->
<testsuite hostname="DESKTOP-MJ4DCPE" name="CRM APP Test" tests="3" failures="1" timestamp="20 Jun 2019 12:05:21 GMT" time="47.371" errors="0">
  <testcase name="ValidateTitle" time="0.279" classname="com.crm.testcases.LoginTest">
    <failure type="java.lang.AssertionError" message="expected [#1 Free CRM software in the Cloud FreeCRM] but found [Free CRM software for any Business]">
      <![CDATA[java.lang.AssertionError: expected [#1 Free CRM software in the Cloud FreeCRM] but found [Free CRM software for any Business]
	at com.crm.testcases.LoginTest.ValidateTitle(LoginTest.java:28)
... Removed 29 stack frames]]>
    </failure>
  </testcase> <!-- ValidateTitle -->
  <testcase name="validatelogin" time="7.497" classname="com.crm.testcases.LoginTest"/>
  <testcase name="ValidateCRMHomepage" time="1.363" classname="com.crm.testcases.HomePageTest"/>
</testsuite> <!-- CRM APP Test -->
